<?xml version="1.0" encoding="UTF-8"?>
<testng-results ignored="0" total="2" passed="2" failed="0" skipped="0">
  <reporter-output>
    <line>
      <![CDATA[no of rows are=5]]>
    </line>
    <line>
      <![CDATA[Valid username and passworddashboard===http://webapp.qedgetech.com/dashboard.php]]>
    </line>
    <line>
      <![CDATA[Valid invalidusername and passwordmastersj===admin]]>
    </line>
    <line>
      <![CDATA[Incorrect user ID or password]]>
    </line>
    <line>
      <![CDATA[Valid invalidusername and passwordmaster===axnn]]>
    </line>
    <line>
      <![CDATA[Incorrect user ID or password]]>
    </line>
    <line>
      <![CDATA[Valid invalidusername and passwordmastesr===adminhjjj]]>
    </line>
    <line>
      <![CDATA[Incorrect user ID or password]]>
    </line>
    <line>
      <![CDATA[Valid username and passworddashboard===http://webapp.qedgetech.com/dashboard.php]]>
    </line>
    <line>
      <![CDATA[no of row =6]]>
    </line>
    <line>
      <![CDATA[Customer-00000013754======Customer-00000013754]]>
    </line>
    <line>
      <![CDATA[Customer add sucessfull]]>
    </line>
    <line>
      <![CDATA[Customer-00000013755======Customer-00000013755]]>
    </line>
    <line>
      <![CDATA[Customer add sucessfull]]>
    </line>
    <line>
      <![CDATA[Customer-00000013756======Customer-00000013756]]>
    </line>
    <line>
      <![CDATA[Customer add sucessfull]]>
    </line>
    <line>
      <![CDATA[Customer-00000013757======Customer-00000013757]]>
    </line>
    <line>
      <![CDATA[Customer add sucessfull]]>
    </line>
    <line>
      <![CDATA[Customer-00000013758======Customer-00000013758]]>
    </line>
    <line>
      <![CDATA[Customer add sucessfull]]>
    </line>
    <line>
      <![CDATA[Customer-00000013759======Customer-00000013759]]>
    </line>
    <line>
      <![CDATA[Customer add sucessfull]]>
    </line>
  </reporter-output>
  <suite started-at="2024-12-18T18:10:37 IST" name="Data-Deiven_POM_TestnG" finished-at="2024-12-18T18:12:44 IST" duration-ms="127064">
    <groups>
    </groups>
    <test started-at="2024-12-18T18:10:37 IST" name="Admin Login test" finished-at="2024-12-18T18:11:12 IST" duration-ms="34492">
      <class name="driverFactory.DriverScript">
        <test-method is-config="true" signature="setUp()[pri:0, instance:driverFactory.DriverScript@72057ecf]" started-at="2024-12-18T18:10:37 IST" name="setUp" finished-at="2024-12-18T18:10:43 IST" duration-ms="5271" status="PASS">
          <reporter-output>
          </reporter-output>
        </test-method> <!-- setUp -->
        <test-method signature="starTest()[pri:0, instance:driverFactory.DriverScript@72057ecf]" started-at="2024-12-18T18:10:43 IST" name="starTest" finished-at="2024-12-18T18:11:11 IST" duration-ms="28357" status="PASS">
          <reporter-output>
            <line>
              <![CDATA[no of rows are=5]]>
            </line>
            <line>
              <![CDATA[Valid username and passworddashboard===http://webapp.qedgetech.com/dashboard.php]]>
            </line>
            <line>
              <![CDATA[Valid invalidusername and passwordmastersj===admin]]>
            </line>
            <line>
              <![CDATA[Incorrect user ID or password]]>
            </line>
            <line>
              <![CDATA[Valid invalidusername and passwordmaster===axnn]]>
            </line>
            <line>
              <![CDATA[Incorrect user ID or password]]>
            </line>
            <line>
              <![CDATA[Valid invalidusername and passwordmastesr===adminhjjj]]>
            </line>
            <line>
              <![CDATA[Incorrect user ID or password]]>
            </line>
            <line>
              <![CDATA[Valid username and passworddashboard===http://webapp.qedgetech.com/dashboard.php]]>
            </line>
          </reporter-output>
        </test-method> <!-- starTest -->
        <test-method is-config="true" signature="tearDown()[pri:0, instance:driverFactory.DriverScript@72057ecf]" started-at="2024-12-18T18:11:11 IST" name="tearDown" finished-at="2024-12-18T18:11:12 IST" duration-ms="801" status="PASS">
          <reporter-output>
          </reporter-output>
        </test-method> <!-- tearDown -->
      </class> <!-- driverFactory.DriverScript -->
    </test> <!-- Admin Login test -->
    <test started-at="2024-12-18T18:11:12 IST" name="Customer add test" finished-at="2024-12-18T18:12:44 IST" duration-ms="92524">
      <class name="driverFactory.POM_TestScript">
        <test-method is-config="true" signature="setup()[pri:0, instance:driverFactory.POM_TestScript@dd8ba08]" started-at="2024-12-18T18:11:12 IST" name="setup" finished-at="2024-12-18T18:11:17 IST" duration-ms="5255" status="PASS">
          <reporter-output>
          </reporter-output>
        </test-method> <!-- setup -->
        <test-method signature="startTest()[pri:0, instance:driverFactory.POM_TestScript@dd8ba08]" started-at="2024-12-18T18:11:17 IST" name="startTest" finished-at="2024-12-18T18:12:43 IST" duration-ms="86271" status="PASS">
          <reporter-output>
            <line>
              <![CDATA[no of row =6]]>
            </line>
            <line>
              <![CDATA[Customer-00000013754======Customer-00000013754]]>
            </line>
            <line>
              <![CDATA[Customer add sucessfull]]>
            </line>
            <line>
              <![CDATA[Customer-00000013755======Customer-00000013755]]>
            </line>
            <line>
              <![CDATA[Customer add sucessfull]]>
            </line>
            <line>
              <![CDATA[Customer-00000013756======Customer-00000013756]]>
            </line>
            <line>
              <![CDATA[Customer add sucessfull]]>
            </line>
            <line>
              <![CDATA[Customer-00000013757======Customer-00000013757]]>
            </line>
            <line>
              <![CDATA[Customer add sucessfull]]>
            </line>
            <line>
              <![CDATA[Customer-00000013758======Customer-00000013758]]>
            </line>
            <line>
              <![CDATA[Customer add sucessfull]]>
            </line>
            <line>
              <![CDATA[Customer-00000013759======Customer-00000013759]]>
            </line>
            <line>
              <![CDATA[Customer add sucessfull]]>
            </line>
          </reporter-output>
        </test-method> <!-- startTest -->
        <test-method is-config="true" signature="tearDown()[pri:0, instance:driverFactory.POM_TestScript@dd8ba08]" started-at="2024-12-18T18:12:43 IST" name="tearDown" finished-at="2024-12-18T18:12:44 IST" duration-ms="991" status="PASS">
          <reporter-output>
          </reporter-output>
        </test-method> <!-- tearDown -->
      </class> <!-- driverFactory.POM_TestScript -->
    </test> <!-- Customer add test -->
  </suite> <!-- Data-Deiven_POM_TestnG -->
</testng-results>
